<?xml version="1.0" encoding="UTF-8"?>
<testsuite name="com.employeepayroll.EmployeePayrollServiceTest" tests="1" skipped="0" failures="0" errors="0" timestamp="2021-05-18T10:45:47" hostname="HACKERNAMAN" time="0.458">
  <properties/>
  <testcase name="givenEmployeeDetail_WhenAdded_ShowSyncWithDB()" classname="com.employeepayroll.EmployeePayrollServiceTest" time="0.458"/>
  <system-out><![CDATA[Connecting to database:jdbc:mysql://localhost:3307/payroll_service
Connection is successful...!!!!com.mysql.cj.jdbc.ConnectionImpl@58014af6
Connecting to database:jdbc:mysql://localhost:3307/payroll_service
Connection is successful...!!!!com.mysql.cj.jdbc.ConnectionImpl@4723e3c2
Connecting to database:jdbc:mysql://localhost:3307/payroll_service
Connection is successful...!!!!com.mysql.cj.jdbc.ConnectionImpl@3f18b0a4
]]></system-out>
  <system-err><![CDATA[]]></system-err>
</testsuite>
