<?xml version="1.0" encoding="UTF-8"?>
<testsuite name="com.employeepayroll.EmployeePayrollServiceTest" tests="2" skipped="0" failures="0" errors="0" timestamp="2021-05-17T16:12:17" hostname="HACKERNAMAN" time="0.062">
  <properties/>
  <testcase name="given3EmployeesWhenWrittenToFileShouldMatchNumberOfEmployeeEntries()" classname="com.employeepayroll.EmployeePayrollServiceTest" time="0.058"/>
  <testcase name="given3EmployeesWhenReadFromFileShouldMatchNumberOfEmployeeEntries()" classname="com.employeepayroll.EmployeePayrollServiceTest" time="0.002"/>
  <system-out><![CDATA[Id : 1	Name : Naman Ajmera	Salary : 800000.0
Id : 2	Name : Ankita Gupta	Salary : 850000.0
Id : 3	Name : Aditya Verma	Salary : 900000.0
]]></system-out>
  <system-err><![CDATA[]]></system-err>
</testsuite>
