<?xml version="1.0" encoding="UTF-8"?>
<testsuite name="com.employeepayroll.EmployeePayrollServiceTest" tests="1" skipped="0" failures="0" errors="0" timestamp="2021-05-18T05:11:58" hostname="HACKERNAMAN" time="0.41">
  <properties/>
  <testcase name="givenNewSalaryForEmployee_WhenUpdated_ShouldMatch()" classname="com.employeepayroll.EmployeePayrollServiceTest" time="0.41"/>
  <system-out><![CDATA[Connecting to database:jdbc:mysql://localhost:3307/payroll_service
Connection is successful...!!!!com.mysql.cj.jdbc.ConnectionImpl@222f8479
Connecting to database:jdbc:mysql://localhost:3307/payroll_service
Connection is successful...!!!!com.mysql.cj.jdbc.ConnectionImpl@61fec2c0
Connecting to database:jdbc:mysql://localhost:3307/payroll_service
Connection is successful...!!!!com.mysql.cj.jdbc.ConnectionImpl@4771683e
]]></system-out>
  <system-err><![CDATA[]]></system-err>
</testsuite>
