<?xml version="1.0" encoding="UTF-8"?>
<testsuite name="com.employeepayroll.EmployeePayrollServiceTest" tests="1" skipped="0" failures="0" errors="0" timestamp="2021-05-18T05:44:09" hostname="HACKERNAMAN" time="0.582">
  <properties/>
  <testcase name="givenNewSalaryForEmployee_WhenUpdated_ShouldMatch()" classname="com.employeepayroll.EmployeePayrollServiceTest" time="0.582"/>
  <system-out><![CDATA[Connecting to database:jdbc:mysql://localhost:3307/payroll_service
Connection is successful...!!!!com.mysql.cj.jdbc.ConnectionImpl@46c0233
Connecting to database:jdbc:mysql://localhost:3307/payroll_service
Connection is successful...!!!!com.mysql.cj.jdbc.ConnectionImpl@6b4bde93
Connecting to database:jdbc:mysql://localhost:3307/payroll_service
Connection is successful...!!!!com.mysql.cj.jdbc.ConnectionImpl@20bfd0ac
]]></system-out>
  <system-err><![CDATA[]]></system-err>
</testsuite>
