<?xml version="1.0" encoding="UTF-8"?>
<testsuite name="com.employeepayroll.EmployeePayrollServiceTest" tests="2" skipped="0" failures="0" errors="0" timestamp="2021-05-15T10:34:28" hostname="HACKERNAMAN" time="0.046">
  <properties/>
  <testcase name="given3EmployeesWhenWrittenToFileShouldMatchNumberOfEmployeeEntries()" classname="com.employeepayroll.EmployeePayrollServiceTest" time="0.042"/>
  <testcase name="given3EmployeesWhenReadFromFileShouldMatchNumberOfEmployeeEntries()" classname="com.employeepayroll.EmployeePayrollServiceTest" time="0.003"/>
  <system-out><![CDATA[Id : 1	Name : Aditya Verma	Salary : 800000.0
Id : 2	Name : Akhil Singh	Salary : 850000.0
Id : 3	Name : Anamika Bhatt	Salary : 900000.0
]]></system-out>
  <system-err><![CDATA[]]></system-err>
</testsuite>
